<?xml version="1.0" encoding="UTF-8"?>
<!-- Generated by org.testng.reporters.JUnitXMLReporter -->
<testsuite ignored="0" hostname="lights-Air" failures="0" tests="2" name="CheckingStays" time="0.026" errors="0" timestamp="2023-10-04T11:09:12 EDT">
  <testcase classname="expedia.testcases.CheckingStays" name="spotanddate" time="0.0">
    <skipped/>
  </testcase> <!-- spotanddate -->
  <testcase classname="expedia.testcases.CheckingStays" name="travelersDropDown" time="0.0">
    <skipped/>
  </testcase> <!-- travelersDropDown -->
</testsuite> <!-- CheckingStays -->
