<?xml version="1.0" encoding="UTF-8"?>
<!-- Generated by org.testng.reporters.JUnitXMLReporter -->
<testsuite ignored="0" hostname="lights-Air" failures="0" tests="2" name="FlightsValidation" time="0.069" errors="0" timestamp="2023-10-04T11:09:12 EDT">
  <testcase classname="expedia.testcases.BaseTest" name="@BeforeTest launchingApp" time="0.011">
    <failure type="java.io.FileNotFoundException" message="/Users/lightyagami/dev/selenium/expedia automation/expediasrc/main/java/expedia/resources/Globaldata.properties (No such file or directory)">
      <![CDATA[java.io.FileNotFoundException: /Users/lightyagami/dev/selenium/expedia automation/expediasrc/main/java/expedia/resources/Globaldata.properties (No such file or directory)
at java.base/java.io.FileInputStream.open0(Native Method)
at java.base/java.io.FileInputStream.open(FileInputStream.java:216)
at java.base/java.io.FileInputStream.<init>(FileInputStream.java:157)
at java.base/java.io.FileInputStream.<init>(FileInputStream.java:111)
at expedia.testcases.BaseTest.browserInitilization(BaseTest.java:24)
at expedia.testcases.BaseTest.launchingApp(BaseTest.java:50)
... Removed 24 stack frames]]>
    </failure>
  </testcase> <!-- @BeforeTest launchingApp -->
  <testcase classname="expedia.testcases.BaseTest" name="@AfterTest teardown" time="0.0">
    <skipped/>
  </testcase> <!-- @AfterTest teardown -->
  <testcase classname="expedia.testcases.FlightsValidation" name="validatingFlight" time="0.0">
    <skipped/>
  </testcase> <!-- validatingFlight -->
  <testcase classname="expedia.testcases.FlightsValidation" name="validatingoneway" time="0.0">
    <skipped/>
  </testcase> <!-- validatingoneway -->
</testsuite> <!-- FlightsValidation -->
